<?xml version="1.0" encoding="UTF-8"?>
<!-- Generated by org.testng.reporters.JUnitReportReporter -->
<testsuite hostname="WINDOWS-0F6HQEO" failures="0" tests="5" name="LoginSwabTest" time="26.178" errors="0" timestamp="2024-03-30T23:24:28 AMT" skipped="0">
  <testcase classname="LoginSwabTest" name="login" time="7.468"/>
  <testcase classname="LoginSwabTest" name="loginWithSecondLogin" time="4.876"/>
  <testcase classname="LoginSwabTest" name="loginwithLogin" time="4.882"/>
  <testcase classname="LoginSwabTest" name="logiWithCorrectCredentials" time="3.906"/>
  <testcase classname="LoginSwabTest" name="loginwithPass" time="5.046"/>
</testsuite> <!-- LoginSwabTest -->
