<?xml version="1.0" encoding="UTF-8"?>
<!-- Generated by org.testng.reporters.JUnitReportReporter -->
<testsuite hostname="WINDOWS-0F6HQEO" failures="0" tests="5" name="LoginSwabTest" time="40.849" errors="0" timestamp="2024-04-01T19:44:36 AMT" skipped="0">
  <testcase classname="LoginSwabTest" name="loginwithLogin" time="16.163"/>
  <testcase classname="LoginSwabTest" name="loginwithPass" time="6.238"/>
  <testcase classname="LoginSwabTest" name="login" time="6.023"/>
  <testcase classname="LoginSwabTest" name="logiWithCorrectCredentials" time="5.839"/>
  <testcase classname="LoginSwabTest" name="loginWithSecondLogin" time="6.586"/>
</testsuite> <!-- LoginSwabTest -->
